logging to file "fbat.log" is on
>> load test.map
read in 216 markers' info
>> load test.ped
pedigree cleanup: 1 singleton nuclear families are removed
read in: 216 markers from 6 pedigrees (6 nuclear families,21 persons)
>> model
current genetic model is additive
>> mode
current test mode is bi-allelic
>> offset
current trait offset is 0.000000
>> setafftrait
wrong number of arguments
  setafftrait aff_t unaff_t unknown_t -- set trait value for affection status
>> setafftait 0.5 -0.5 0
command unknown
>> setafftrait 0.5 -0.5 0
conver affection status to trait 0.500000(aff), -0.500000(unaff), 0.000000(unknown)
>> fbat
trait affection; offset 0.000; model additive; test bi-allelic; minsize 10; min_freq 0.000; p 1.000; maxcmh 1000

Marker        Allele   afreq   fam#     S-E(S)      Var(S)       Z           P
------------------------------------------------------------------------------

>> model d
current genetic model is dominant
>> fbat
trait affection; offset 0.000; model dominant; test bi-allelic; minsize 10; min_freq 0.000; p 1.000; maxcmh 1000

Marker        Allele   afreq   fam#     S-E(S)      Var(S)       Z           P
------------------------------------------------------------------------------

>> model r
current genetic model is recessive
>> fbat
trait affection; offset 0.000; model recessive; test bi-allelic; minsize 10; min_freq 0.000; p 1.000; maxcmh 1000

Marker        Allele   afreq   fam#     S-E(S)      Var(S)       Z           P
------------------------------------------------------------------------------

>> minsize 0
current minimum informative family count is 0
>> model a
current genetic model is additive
>> fbat
trait affection; offset 0.000; model additive; test bi-allelic; minsize 0; min_freq 0.000; p 1.000; maxcmh 1000

Marker        Allele   afreq   fam#     S-E(S)      Var(S)       Z           P
------------------------------------------------------------------------------
1:57952       1        1.000      0      0.000       0.000     nan         nan
1:69511       1        1.000      0      0.000       0.000     nan         nan
1:564710      1        1.000      0      0.000       0.000     nan         nan
1:564934      1        1.000      0      0.000       0.000     nan         nan
1:569983      1        0.962      1      0.000       0.125   0.000    1.000000
1:569983      2        0.038      1      0.000       0.125   0.000    1.000000
1:705882      1        1.000      0      0.000       0.000     nan         nan
1:713092      1        1.000      0      0.000       0.000     nan         nan
1:713977      1        1.000      0      0.000       0.000     nan         nan
1:714019      1        0.857      1      0.250       0.062   1.000    0.317311
1:714019      2        0.143      1     -0.250       0.062  -1.000    0.317311
1:714596      1        0.950      1      0.250       0.062   1.000    0.317311
1:714596      2        0.050      1     -0.250       0.062  -1.000    0.317311
1:715265      1        0.900      2      0.250       0.188   0.577    0.563703
1:715265      2        0.100      2     -0.250       0.188  -0.577    0.563703
1:722980      1        1.000      0      0.000       0.000     nan         nan
1:729632      1        0.808      2      0.250       0.188   0.577    0.563703
1:729632      2        0.192      2     -0.250       0.188  -0.577    0.563703
1:740416      1        1.000      0      0.000       0.000     nan         nan
1:743356      1        1.000      0      0.000       0.000     nan         nan
1:752307      1        0.808      2      0.250       0.188   0.577    0.563703
1:752307      2        0.192      2     -0.250       0.188  -0.577    0.563703
1:752478      1        0.808      4      0.500       0.500   0.707    0.479500
1:752478      2        0.192      4     -0.500       0.500  -0.707    0.479500
1:752593      1        0.864      2      0.250       0.188   0.577    0.563703
1:752593      2        0.136      2     -0.250       0.188  -0.577    0.563703
1:752721      1        0.615      4     -0.500       0.500  -0.707    0.479500
1:752721      2        0.385      4      0.500       0.500   0.707    0.479500
1:752796      1        0.864      3      0.500       0.250   1.000    0.317311
1:752796      2        0.136      3     -0.500       0.250  -1.000    0.317311
1:754105      1        0.875      1      0.250       0.062   1.000    0.317311
1:754105      2        0.125      1     -0.250       0.062  -1.000    0.317311
1:754503      1        0.636      3     -0.500       0.250  -1.000    0.317311
1:754503      2        0.364      3      0.500       0.250   1.000    0.317311
1:754671      1        0.824      3      0.250       0.312   0.447    0.654721
1:754671      2        0.176      3     -0.250       0.312  -0.447    0.654721
1:754861      1        0.893      1      0.000       0.125   0.000    1.000000
1:754861      2        0.107      1      0.000       0.125   0.000    1.000000
1:755274      1        1.000      0      0.000       0.000     nan         nan
1:756781      1        1.000      0      0.000       0.000     nan         nan
1:756912      1        0.923      2      0.500       0.250   1.000    0.317311
1:756912      2        0.077      2     -0.500       0.250  -1.000    0.317311
1:757103      1        1.000      0      0.000       0.000     nan         nan
1:757120      1        1.000      0      0.000       0.000     nan         nan
1:757691      1        1.000      0      0.000       0.000     nan         nan
1:759036      1        0.857      1      0.000       0.250   0.000    1.000000
1:759036      2        0.143      1      0.000       0.250   0.000    1.000000
1:759177      1        0.964      0      0.000       0.000     nan         nan
1:759177      2        0.036      0      0.000       0.000     nan         nan
1:760422      1        1.000      0      0.000       0.000     nan         nan
1:761606      1        0.893      1      0.000       0.125   0.000    1.000000
1:761606      2        0.107      1      0.000       0.125   0.000    1.000000
1:761610      1        0.867      2      0.250       0.188   0.577    0.563703
1:761610      2        0.133      2     -0.250       0.188  -0.577    0.563703
1:762856      1        1.000      0      0.000       0.000     nan         nan
1:765028      1        1.000      0      0.000       0.000     nan         nan
1:767096      1        1.000      0      0.000       0.000     nan         nan
1:767780      1        1.000      0      0.000       0.000     nan         nan
1:768448      1        0.808      4      1.000       0.375   1.633    0.102470
1:768448      2        0.192      4     -1.000       0.375  -1.633    0.102470
1:768819      1        0.962      1      0.250       0.062   1.000    0.317311
1:768819      2        0.038      1     -0.250       0.062  -1.000    0.317311
1:769223      1        0.676      4     -1.000       0.375  -1.633    0.102470
1:769223      2        0.324      4      1.000       0.375   1.633    0.102470
1:770735      1        1.000      0      0.000       0.000     nan         nan
1:772028      1        1.000      0      0.000       0.000     nan         nan
1:773106      1        1.000      0      0.000       0.000     nan         nan
1:774014      1        1.000      0      0.000       0.000     nan         nan
1:774018      1        1.000      0      0.000       0.000     nan         nan
1:774022      1        1.000      0      0.000       0.000     nan         nan
1:776546      1        0.846      3     -0.250       0.312  -0.447    0.654721
1:776546      2        0.154      3      0.250       0.312   0.447    0.654721
1:779310      1        1.000      0      0.000       0.000     nan         nan
1:779322      1        0.654      4     -1.000       0.375  -1.633    0.102470
1:779322      2        0.346      4      1.000       0.375   1.633    0.102470
1:780027      1        1.000      0      0.000       0.000     nan         nan
1:780229      1        1.000      0      0.000       0.000     nan         nan
1:780785      1        0.654      4     -0.500       0.250  -1.000    0.317311
1:780785      2        0.346      4      0.500       0.250   1.000    0.317311
1:781057      1        1.000      0      0.000       0.000     nan         nan
1:782470      1        1.000      0      0.000       0.000     nan         nan
1:782528      1        1.000      0      0.000       0.000     nan         nan
1:782677      1        1.000      0      0.000       0.000     nan         nan
1:782981      1        0.654      4     -1.000       0.375  -1.633    0.102470
1:782981      2        0.346      4      1.000       0.375   1.633    0.102470
1:783071      1        1.000      0      0.000       0.000     nan         nan
1:783304      1        1.000      0      0.000       0.000     nan         nan
1:785050      1        0.578      3     -1.000       0.250  -2.000    0.045500
1:785050      2        0.422      3      1.000       0.250   2.000    0.045500
1:785989      1        0.654      4     -1.250       0.312  -2.236    0.025347
1:785989      2        0.346      4      1.250       0.312   2.236    0.025347
1:787844      1        0.654      4     -1.250       0.312  -2.236    0.025347
1:787844      2        0.346      4      1.250       0.312   2.236    0.025347
1:790465      1        0.692      5     -0.750       0.438  -1.134    0.256839
1:790465      2        0.308      5      0.750       0.438   1.134    0.256839
1:790698      1        1.000      0      0.000       0.000     nan         nan
1:791315      1        1.000      0      0.000       0.000     nan         nan
1:791328      1        1.000      0      0.000       0.000     nan         nan
1:792480      1        1.000      0      0.000       0.000     nan         nan
1:795222      1        0.906      3      0.500       0.250   1.000    0.317311
1:795222      2        0.094      3     -0.500       0.250  -1.000    0.317311
1:795414      1        1.000      0      0.000       0.000     nan         nan
1:796100      1        0.889      4      0.250       0.312   0.447    0.654721
1:796100      2        0.111      4     -0.250       0.312  -0.447    0.654721
1:797281      1        0.912      3      0.000       0.250   0.000    1.000000
1:797281      2        0.088      3      0.000       0.250   0.000    1.000000
1:797440      1        0.750      3     -0.500       0.250  -1.000    0.317311
1:797440      2        0.250      3      0.500       0.250   1.000    0.317311
1:798400      1        0.577      3     -0.250       0.312  -0.447    0.654721
1:798400      2        0.423      3      0.250       0.312   0.447    0.654721
1:798430      1        1.000      0      0.000       0.000     nan         nan
1:800007      1        1.000      0      0.000       0.000     nan         nan
1:801661      1        0.967      1      0.000       0.125   0.000    1.000000
1:801661      2        0.033      1      0.000       0.125   0.000    1.000000
1:801680      1        0.967      1      0.000       0.125   0.000    1.000000
1:801680      2        0.033      1      0.000       0.125   0.000    1.000000
1:801858      1        0.846      4      0.500       0.375   0.816    0.414216
1:801858      2        0.154      4     -0.500       0.375  -0.816    0.414216
1:804073      1        0.963      1      0.250       0.062   1.000    0.317311
1:804073      2        0.037      1     -0.250       0.062  -1.000    0.317311
1:804759      1        0.731      2     -0.750       0.188  -1.732    0.083265
1:804759      2        0.269      2      0.750       0.188   1.732    0.083265
1:808631      1        0.500      3      0.000       0.375   0.000    1.000000
1:808631      2        0.500      3      0.000       0.375   0.000    1.000000
1:809876      1        0.769      5      0.750       0.562   1.000    0.317311
1:809876      2        0.231      5     -0.750       0.562  -1.000    0.317311
1:810286      1        0.731      4     -0.750       0.312  -1.342    0.179712
1:810286      2        0.269      4      0.750       0.312   1.342    0.179712
1:810780      1        0.731      4     -0.750       0.312  -1.342    0.179712
1:810780      2        0.269      4      0.750       0.312   1.342    0.179712
1:833223      1        0.192      4      0.000       0.375   0.000    1.000000
1:833223      2        0.808      4      0.000       0.375   0.000    1.000000
1:833641      1        0.192      4      0.000       0.375   0.000    1.000000
1:833641      2        0.808      4      0.000       0.375   0.000    1.000000
1:833824      1        0.192      4      0.000       0.375   0.000    1.000000
1:833824      2        0.808      4      0.000       0.375   0.000    1.000000
1:833927      1        0.192      4      0.000       0.375   0.000    1.000000
1:833927      2        0.808      4      0.000       0.375   0.000    1.000000
1:834056      1        1.000      0      0.000       0.000     nan         nan
1:834198      1        0.192      4      0.000       0.375   0.000    1.000000
1:834198      2        0.808      4      0.000       0.375   0.000    1.000000
1:834263      1        1.000      0      0.000       0.000     nan         nan
1:834574      1        0.833      0      0.000       0.000     nan         nan
1:834574      2        0.167      0      0.000       0.000     nan         nan
1:834637      1        1.000      0      0.000       0.000     nan         nan
1:834753      1        0.962      1      0.250       0.062   1.000    0.317311
1:834753      2        0.038      1     -0.250       0.062  -1.000    0.317311
1:834928      1        0.192      4      0.000       0.375   0.000    1.000000
1:834928      2        0.808      4      0.000       0.375   0.000    1.000000
1:834956      1        1.000      0      0.000       0.000     nan         nan
1:834999      1        0.192      4      0.000       0.375   0.000    1.000000
1:834999      2        0.808      4      0.000       0.375   0.000    1.000000
1:835092      1        0.867      1     -0.250       0.062  -1.000    0.317311
1:835092      2        0.133      1      0.250       0.062   1.000    0.317311
1:835242      1        1.000      0      0.000       0.000     nan         nan
1:835499      1        0.231      4      0.250       0.438   0.378    0.705457
1:835499      2        0.769      4     -0.250       0.438  -0.378    0.705457
1:836529      1        0.192      4      0.000       0.375   0.000    1.000000
1:836529      2        0.808      4      0.000       0.375   0.000    1.000000
1:836684      1        1.000      0      0.000       0.000     nan         nan
1:836896      1        0.385      5     -0.250       0.562  -0.333    0.738883
1:836896      2        0.615      5      0.250       0.562   0.333    0.738883
1:836924      1        0.192      4      0.000       0.375   0.000    1.000000
1:836924      2        0.808      4      0.000       0.375   0.000    1.000000
1:837192      1        0.808      4      0.250       0.312   0.447    0.654721
1:837192      2        0.192      4     -0.250       0.312  -0.447    0.654721
1:837214      1        0.962      1      0.000       0.125   0.000    1.000000
1:837214      2        0.038      1      0.000       0.125   0.000    1.000000
X:50025363    1        0.950      1      0.250       0.062   1.000    0.317311
X:50025363    2        0.050      1     -0.250       0.062  -1.000    0.317311
X:50026294    1        1.000      0      0.000       0.000     nan         nan
X:50029593    1        1.000      0      0.000       0.000     nan         nan
X:50031231    1        0.050      0      0.000       0.000     nan         nan
X:50031231    2        0.950      0      0.000       0.000     nan         nan
X:50034931    1        1.000      0      0.000       0.000     nan         nan
X:50035804    1        1.000      0      0.000       0.000     nan         nan
X:50045177    1        1.000      0      0.000       0.000     nan         nan
X:50045685    1        1.000      0      0.000       0.000     nan         nan
X:50047090    1        1.000      0      0.000       0.000     nan         nan
X:50047336    1        1.000      0      0.000       0.000     nan         nan
X:50048393    1        1.000      0      0.000       0.000     nan         nan
X:50048674    1        1.000      0      0.000       0.000     nan         nan
X:50049490    1        1.000      0      0.000       0.000     nan         nan
X:50050577    1        1.000      0      0.000       0.000     nan         nan
X:50055780    1        1.000      0      0.000       0.000     nan         nan
X:50056322    1        1.000      0      0.000       0.000     nan         nan
X:50056683    1        0.050      0      0.000       0.000     nan         nan
X:50056683    2        0.950      0      0.000       0.000     nan         nan
X:50056814    1        0.650      3      0.250       0.312   0.447    0.654721
X:50056814    2        0.350      3     -0.250       0.312  -0.447    0.654721
X:50057106    1        1.000      0      0.000       0.000     nan         nan
X:50057488    1        1.000      0      0.000       0.000     nan         nan
X:50058276    1        0.650      3      0.250       0.312   0.447    0.654721
X:50058276    2        0.350      3     -0.250       0.312  -0.447    0.654721
X:50058476    1        0.600      1      0.000       0.125   0.000    1.000000
X:50058476    2        0.400      1      0.000       0.125   0.000    1.000000
X:50059123    1        1.000      0      0.000       0.000     nan         nan
X:50059408    1        0.600      1      0.000       0.125   0.000    1.000000
X:50059408    2        0.400      1      0.000       0.125   0.000    1.000000
X:50059839    1        0.650      3      0.250       0.312   0.447    0.654721
X:50059839    2        0.350      3     -0.250       0.312  -0.447    0.654721
X:50060124    1        1.000      0      0.000       0.000     nan         nan
X:50060486    1        1.000      0      0.000       0.000     nan         nan
X:50063000    1        0.800      2     -0.250       0.188  -0.577    0.563703
X:50063000    2        0.200      2      0.250       0.188   0.577    0.563703
X:50063121    1        0.950      1      0.000       0.125   0.000    1.000000
X:50063121    2        0.050      1      0.000       0.125   0.000    1.000000
X:50064862    1        1.000      0      0.000       0.000     nan         nan
X:50067205    1        1.000      0      0.000       0.000     nan         nan
X:50067297    1        1.000      0      0.000       0.000     nan         nan
X:50068419    1        1.000      0      0.000       0.000     nan         nan
X:50068499    1        1.000      0      0.000       0.000     nan         nan
X:50069219    1        1.000      0      0.000       0.000     nan         nan
X:50070116    1        0.900      2     -0.250       0.188  -0.577    0.563703
X:50070116    2        0.100      2      0.250       0.188   0.577    0.563703
X:50070762    1        1.000      0      0.000       0.000     nan         nan
X:50072582    1        1.000      0      0.000       0.000     nan         nan
X:50072940    1        0.450      1      0.000       0.125   0.000    1.000000
X:50072940    2        0.550      1      0.000       0.125   0.000    1.000000
X:50073198    1        1.000      0      0.000       0.000     nan         nan
X:50073358    1        1.000      0      0.000       0.000     nan         nan
X:50073885    1        1.000      0      0.000       0.000     nan         nan
X:50073998    1        1.000      0      0.000       0.000     nan         nan
X:50074005    1        1.000      0      0.000       0.000     nan         nan
X:50074051    1        1.000      0      0.000       0.000     nan         nan
X:50075351    1        0.850      2      0.000       0.125   0.000    1.000000
X:50075351    2        0.150      2      0.000       0.125   0.000    1.000000
X:50075438    1        1.000      0      0.000       0.000     nan         nan
X:50076209    1        1.000      0      0.000       0.000     nan         nan
X:50077858    1        1.000      0      0.000       0.000     nan         nan
X:50079915    1        1.000      0      0.000       0.000     nan         nan
X:50079965    1        0.800      2     -0.250       0.188  -0.577    0.563703
X:50079965    2        0.200      2      0.250       0.188   0.577    0.563703
X:50079990    1        1.000      0      0.000       0.000     nan         nan
X:50081865    1        1.000      0      0.000       0.000     nan         nan
X:50081869    1        1.000      0      0.000       0.000     nan         nan
X:50083485    1        1.000      0      0.000       0.000     nan         nan
X:50083552    1        1.000      0      0.000       0.000     nan         nan
X:50083966    1        1.000      0      0.000       0.000     nan         nan
X:50084508    1        1.000      0      0.000       0.000     nan         nan
X:50087277    1        0.050      0      0.000       0.000     nan         nan
X:50087277    2        0.950      0      0.000       0.000     nan         nan
X:50087425    1        1.000      0      0.000       0.000     nan         nan
X:50087718    1        1.000      0      0.000       0.000     nan         nan
X:50087935    1        1.000      0      0.000       0.000     nan         nan
X:50089139    1        1.000      0      0.000       0.000     nan         nan
X:50090147    1        0.950      1      0.250       0.062   1.000    0.317311
X:50090147    2        0.050      1     -0.250       0.062  -1.000    0.317311
X:50090491    1        1.000      0      0.000       0.000     nan         nan
X:50091920    1        0.650      3      0.250       0.312   0.447    0.654721
X:50091920    2        0.350      3     -0.250       0.312  -0.447    0.654721
X:50091939    1        0.900      1      0.000       0.125   0.000    1.000000
X:50091939    2        0.100      1      0.000       0.125   0.000    1.000000
X:50093517    1        0.750      2     -0.250       0.188  -0.577    0.563703
X:50093517    2        0.250      2      0.250       0.188   0.577    0.563703
X:50097654    1        1.000      0      0.000       0.000     nan         nan
X:50097669    1        1.000      0      0.000       0.000     nan         nan
X:50100302    1        1.000      0      0.000       0.000     nan         nan
X:50102767    1        0.850      2      0.250       0.188   0.577    0.563703
X:50102767    2        0.150      2     -0.250       0.188  -0.577    0.563703
X:50105137    1        0.950      1      0.250       0.062   1.000    0.317311
X:50105137    2        0.050      1     -0.250       0.062  -1.000    0.317311
X:50106746    1        0.650      3      0.250       0.312   0.447    0.654721
X:50106746    2        0.350      3     -0.250       0.312  -0.447    0.654721
X:50108144    1        1.000      0      0.000       0.000     nan         nan
X:50108204    1        1.000      0      0.000       0.000     nan         nan
X:50108267    1        1.000      0      0.000       0.000     nan         nan
X:50108644    1        1.000      0      0.000       0.000     nan         nan
X:50109100    1        1.000      0      0.000       0.000     nan         nan
X:50109597    1        1.000      0      0.000       0.000     nan         nan
X:50112278    1        1.000      0      0.000       0.000     nan         nan
X:50114241    1        1.000      0      0.000       0.000     nan         nan
X:50115368    1        0.633      1      0.000       0.125   0.000    1.000000
X:50115368    2        0.367      1      0.000       0.125   0.000    1.000000
X:50115970    1        0.633      1      0.000       0.125   0.000    1.000000
X:50115970    2        0.367      1      0.000       0.125   0.000    1.000000
X:50117087    1        0.633      1      0.000       0.125   0.000    1.000000
X:50117087    2        0.367      1      0.000       0.125   0.000    1.000000
X:50117516    1        1.000      0      0.000       0.000     nan         nan
X:50118856    1        0.100      1      0.250       0.062   1.000    0.317311
X:50118856    2        0.900      1     -0.250       0.062  -1.000    0.317311
X:50118868    1        1.000      0      0.000       0.000     nan         nan
X:50118957    1        0.633      1      0.000       0.125   0.000    1.000000
X:50118957    2        0.367      1      0.000       0.125   0.000    1.000000
X:50119085    1        0.633      1      0.000       0.125   0.000    1.000000
X:50119085    2        0.367      1      0.000       0.125   0.000    1.000000
X:50119188    1        1.000      0      0.000       0.000     nan         nan
X:50120032    1        0.633      1      0.000       0.125   0.000    1.000000
X:50120032    2        0.367      1      0.000       0.125   0.000    1.000000
X:50120200    1        0.633      1      0.000       0.125   0.000    1.000000
X:50120200    2        0.367      1      0.000       0.125   0.000    1.000000
X:50120901    1        0.633      1      0.000       0.125   0.000    1.000000
X:50120901    2        0.367      1      0.000       0.125   0.000    1.000000
X:50121849    1        0.633      1      0.000       0.125   0.000    1.000000
X:50121849    2        0.367      1      0.000       0.125   0.000    1.000000
X:50121962    1        1.000      0      0.000       0.000     nan         nan
X:50122509    1        0.633      1      0.000       0.125   0.000    1.000000
X:50122509    2        0.367      1      0.000       0.125   0.000    1.000000
X:50122932    1        0.633      1      0.000       0.125   0.000    1.000000
X:50122932    2        0.367      1      0.000       0.125   0.000    1.000000
X:50125841    1        1.000      0      0.000       0.000     nan         nan
X:50125910    1        0.950      1      0.500       0.125   1.414    0.157299
X:50125910    2        0.050      1     -0.500       0.125  -1.414    0.157299
X:50126571    1        0.633      1      0.000       0.125   0.000    1.000000
X:50126571    2        0.367      1      0.000       0.125   0.000    1.000000
X:50127963    1        0.633      1      0.000       0.125   0.000    1.000000
X:50127963    2        0.367      1      0.000       0.125   0.000    1.000000
X:50128523    1        1.000      0      0.000       0.000     nan         nan
X:50129369    1        0.633      1      0.000       0.125   0.000    1.000000
X:50129369    2        0.367      1      0.000       0.125   0.000    1.000000
X:50129955    1        0.633      1      0.000       0.125   0.000    1.000000
X:50129955    2        0.367      1      0.000       0.125   0.000    1.000000
X:50130229    1        0.633      1      0.000       0.125   0.000    1.000000
X:50130229    2        0.367      1      0.000       0.125   0.000    1.000000
X:50130233    1        0.633      1      0.000       0.125   0.000    1.000000
X:50130233    2        0.367      1      0.000       0.125   0.000    1.000000
X:50130544    1        0.633      1      0.000       0.125   0.000    1.000000
X:50130544    2        0.367      1      0.000       0.125   0.000    1.000000

>> model d
current genetic model is dominant
>> fbat
trait affection; offset 0.000; model dominant; test bi-allelic; minsize 0; min_freq 0.000; p 1.000; maxcmh 1000

Marker        Allele   afreq   fam#     S-E(S)      Var(S)       Z           P
------------------------------------------------------------------------------
1:57952       1        1.000      0      0.000       0.000     nan         nan
1:69511       1        1.000      0      0.000       0.000     nan         nan
1:564710      1        1.000      0      0.000       0.000     nan         nan
1:564934      1        1.000      0      0.000       0.000     nan         nan
1:569983      1        0.962      0      0.000       0.000     nan         nan
1:569983      2        0.038      1      0.000       0.125   0.000    1.000000
1:705882      1        1.000      0      0.000       0.000     nan         nan
1:713092      1        1.000      0      0.000       0.000     nan         nan
1:713977      1        1.000      0      0.000       0.000     nan         nan
1:714019      1        0.857      0      0.000       0.000     nan         nan
1:714019      2        0.143      1     -0.250       0.062  -1.000    0.317311
1:714596      1        0.950      0      0.000       0.000     nan         nan
1:714596      2        0.050      1     -0.250       0.062  -1.000    0.317311
1:715265      1        0.900      0      0.000       0.000     nan         nan
1:715265      2        0.100      2     -0.250       0.188  -0.577    0.563703
1:722980      1        1.000      0      0.000       0.000     nan         nan
1:729632      1        0.808      0      0.000       0.000     nan         nan
1:729632      2        0.192      2     -0.250       0.188  -0.577    0.563703
1:740416      1        1.000      0      0.000       0.000     nan         nan
1:743356      1        1.000      0      0.000       0.000     nan         nan
1:752307      1        0.808      0      0.000       0.000     nan         nan
1:752307      2        0.192      2     -0.250       0.188  -0.577    0.563703
1:752478      1        0.808      1      0.000       0.094   0.000    1.000000
1:752478      2        0.192      4     -0.500       0.344  -0.853    0.393769
1:752593      1        0.864      0      0.000       0.000     nan         nan
1:752593      2        0.136      2     -0.250       0.188  -0.577    0.563703
1:752721      1        0.615      2     -0.250       0.156  -0.632    0.527089
1:752721      2        0.385      3      0.250       0.281   0.471    0.637352
1:752796      1        0.864      0      0.000       0.000     nan         nan
1:752796      2        0.136      3     -0.500       0.250  -1.000    0.317311
1:754105      1        0.875      0      0.000       0.000     nan         nan
1:754105      2        0.125      1     -0.250       0.062  -1.000    0.317311
1:754503      1        0.636      1     -0.250       0.062  -1.000    0.317311
1:754503      2        0.364      2      0.250       0.188   0.577    0.563703
1:754671      1        0.824      1     -0.125       0.047  -0.577    0.563703
1:754671      2        0.176      3     -0.375       0.234  -0.775    0.438578
1:754861      1        0.893      0      0.000       0.000     nan         nan
1:754861      2        0.107      1      0.000       0.125   0.000    1.000000
1:755274      1        1.000      0      0.000       0.000     nan         nan
1:756781      1        1.000      0      0.000       0.000     nan         nan
1:756912      1        0.923      0      0.000       0.000     nan         nan
1:756912      2        0.077      2     -0.500       0.250  -1.000    0.317311
1:757103      1        1.000      0      0.000       0.000     nan         nan
1:757120      1        1.000      0      0.000       0.000     nan         nan
1:757691      1        1.000      0      0.000       0.000     nan         nan
1:759036      1        0.857      1      0.000       0.094   0.000    1.000000
1:759036      2        0.143      1      0.000       0.094   0.000    1.000000
1:759177      1        0.964      0      0.000       0.000     nan         nan
1:759177      2        0.036      0      0.000       0.000     nan         nan
1:760422      1        1.000      0      0.000       0.000     nan         nan
1:761606      1        0.893      0      0.000       0.000     nan         nan
1:761606      2        0.107      1      0.000       0.125   0.000    1.000000
1:761610      1        0.867      0      0.000       0.000     nan         nan
1:761610      2        0.133      2     -0.250       0.188  -0.577    0.563703
1:762856      1        1.000      0      0.000       0.000     nan         nan
1:765028      1        1.000      0      0.000       0.000     nan         nan
1:767096      1        1.000      0      0.000       0.000     nan         nan
1:767780      1        1.000      0      0.000       0.000     nan         nan
1:768448      1        0.808      0      0.000       0.000     nan         nan
1:768448      2        0.192      4     -1.000       0.375  -1.633    0.102470
1:768819      1        0.962      0      0.000       0.000     nan         nan
1:768819      2        0.038      1     -0.250       0.062  -1.000    0.317311
1:769223      1        0.676      1     -0.250       0.062  -1.000    0.317311
1:769223      2        0.324      3      0.750       0.312   1.342    0.179712
1:770735      1        1.000      0      0.000       0.000     nan         nan
1:772028      1        1.000      0      0.000       0.000     nan         nan
1:773106      1        1.000      0      0.000       0.000     nan         nan
1:774014      1        1.000      0      0.000       0.000     nan         nan
1:774018      1        1.000      0      0.000       0.000     nan         nan
1:774022      1        1.000      0      0.000       0.000     nan         nan
1:776546      1        0.846      0      0.000       0.000     nan         nan
1:776546      2        0.154      3      0.250       0.312   0.447    0.654721
1:779310      1        1.000      0      0.000       0.000     nan         nan
1:779322      1        0.654      1     -0.250       0.062  -1.000    0.317311
1:779322      2        0.346      3      0.750       0.312   1.342    0.179712
1:780027      1        1.000      0      0.000       0.000     nan         nan
1:780229      1        1.000      0      0.000       0.000     nan         nan
1:780785      1        0.654      1     -0.250       0.062  -1.000    0.317311
1:780785      2        0.346      3      0.250       0.188   0.577    0.563703
1:781057      1        1.000      0      0.000       0.000     nan         nan
1:782470      1        1.000      0      0.000       0.000     nan         nan
1:782528      1        1.000      0      0.000       0.000     nan         nan
1:782677      1        1.000      0      0.000       0.000     nan         nan
1:782981      1        0.654      1     -0.250       0.062  -1.000    0.317311
1:782981      2        0.346      3      0.750       0.312   1.342    0.179712
1:783071      1        1.000      0      0.000       0.000     nan         nan
1:783304      1        1.000      0      0.000       0.000     nan         nan
1:785050      1        0.578      1     -0.250       0.062  -1.000    0.317311
1:785050      2        0.422      2      0.750       0.188   1.732    0.083265
1:785989      1        0.654      1     -0.250       0.062  -1.000    0.317311
1:785989      2        0.346      3      1.000       0.250   2.000    0.045500
1:787844      1        0.654      1     -0.250       0.062  -1.000    0.317311
1:787844      2        0.346      3      1.000       0.250   2.000    0.045500
1:790465      1        0.692      1     -0.250       0.062  -1.000    0.317311
1:790465      2        0.308      4      0.500       0.375   0.816    0.414216
1:790698      1        1.000      0      0.000       0.000     nan         nan
1:791315      1        1.000      0      0.000       0.000     nan         nan
1:791328      1        1.000      0      0.000       0.000     nan         nan
1:792480      1        1.000      0      0.000       0.000     nan         nan
1:795222      1        0.906      0      0.000       0.000     nan         nan
1:795222      2        0.094      3     -0.500       0.250  -1.000    0.317311
1:795414      1        1.000      0      0.000       0.000     nan         nan
1:796100      1        0.889      0      0.000       0.000     nan         nan
1:796100      2        0.111      4     -0.250       0.312  -0.447    0.654721
1:797281      1        0.912      0      0.000       0.000     nan         nan
1:797281      2        0.088      3      0.000       0.250   0.000    1.000000
1:797440      1        0.750      0      0.000       0.000     nan         nan
1:797440      2        0.250      3      0.500       0.250   1.000    0.317311
1:798400      1        0.577      2     -0.375       0.109  -1.134    0.256839
1:798400      2        0.423      2     -0.125       0.172  -0.302    0.763025
1:798430      1        1.000      0      0.000       0.000     nan         nan
1:800007      1        1.000      0      0.000       0.000     nan         nan
1:801661      1        0.967      0      0.000       0.000     nan         nan
1:801661      2        0.033      1      0.000       0.125   0.000    1.000000
1:801680      1        0.967      0      0.000       0.000     nan         nan
1:801680      2        0.033      1      0.000       0.125   0.000    1.000000
1:801858      1        0.846      0      0.000       0.000     nan         nan
1:801858      2        0.154      4     -0.500       0.375  -0.816    0.414216
1:804073      1        0.963      0      0.000       0.000     nan         nan
1:804073      2        0.037      1     -0.250       0.062  -1.000    0.317311
1:804759      1        0.731      1     -0.250       0.062  -1.000    0.317311
1:804759      2        0.269      1      0.500       0.125   1.414    0.157299
1:808631      1        0.500      2     -0.250       0.156  -0.632    0.527089
1:808631      2        0.500      2     -0.250       0.156  -0.632    0.527089
1:809876      1        0.769      1      0.000       0.094   0.000    1.000000
1:809876      2        0.231      5     -0.750       0.406  -1.177    0.239317
1:810286      1        0.731      1     -0.250       0.062  -1.000    0.317311
1:810286      2        0.269      3      0.500       0.250   1.000    0.317311
1:810780      1        0.731      1     -0.250       0.062  -1.000    0.317311
1:810780      2        0.269      3      0.500       0.250   1.000    0.317311
1:833223      1        0.192      4      0.125       0.297   0.229    0.818546
1:833223      2        0.808      1      0.125       0.047   0.577    0.563703
1:833641      1        0.192      4      0.125       0.297   0.229    0.818546
1:833641      2        0.808      1      0.125       0.047   0.577    0.563703
1:833824      1        0.192      4      0.125       0.297   0.229    0.818546
1:833824      2        0.808      1      0.125       0.047   0.577    0.563703
1:833927      1        0.192      4      0.125       0.297   0.229    0.818546
1:833927      2        0.808      1      0.125       0.047   0.577    0.563703
1:834056      1        1.000      0      0.000       0.000     nan         nan
1:834198      1        0.192      4      0.125       0.297   0.229    0.818546
1:834198      2        0.808      1      0.125       0.047   0.577    0.563703
1:834263      1        1.000      0      0.000       0.000     nan         nan
1:834574      1        0.833      0      0.000       0.000     nan         nan
1:834574      2        0.167      0      0.000       0.000     nan         nan
1:834637      1        1.000      0      0.000       0.000     nan         nan
1:834753      1        0.962      0      0.000       0.000     nan         nan
1:834753      2        0.038      1     -0.250       0.062  -1.000    0.317311
1:834928      1        0.192      4      0.125       0.297   0.229    0.818546
1:834928      2        0.808      1      0.125       0.047   0.577    0.563703
1:834956      1        1.000      0      0.000       0.000     nan         nan
1:834999      1        0.192      4      0.125       0.297   0.229    0.818546
1:834999      2        0.808      1      0.125       0.047   0.577    0.563703
1:835092      1        0.867      0      0.000       0.000     nan         nan
1:835092      2        0.133      1      0.250       0.062   1.000    0.317311
1:835242      1        1.000      0      0.000       0.000     nan         nan
1:835499      1        0.231      4      0.250       0.281   0.471    0.637352
1:835499      2        0.769      2      0.000       0.094   0.000    1.000000
1:836529      1        0.192      4      0.125       0.297   0.229    0.818546
1:836529      2        0.808      1      0.125       0.047   0.577    0.563703
1:836684      1        1.000      0      0.000       0.000     nan         nan
1:836896      1        0.385      5     -0.250       0.406  -0.392    0.694887
1:836896      2        0.615      2      0.000       0.094   0.000    1.000000
1:836924      1        0.192      4      0.125       0.297   0.229    0.818546
1:836924      2        0.808      1      0.125       0.047   0.577    0.563703
1:837192      1        0.808      0      0.000       0.000     nan         nan
1:837192      2        0.192      4     -0.250       0.312  -0.447    0.654721
1:837214      1        0.962      0      0.000       0.000     nan         nan
1:837214      2        0.038      1      0.000       0.125   0.000    1.000000
X:50025363    1        0.950      0      0.000       0.000     nan         nan
X:50025363    2        0.050      1     -0.250       0.062  -1.000    0.317311
X:50026294    1        1.000      0      0.000       0.000     nan         nan
X:50029593    1        1.000      0      0.000       0.000     nan         nan
X:50031231    1        0.050      0      0.000       0.000     nan         nan
X:50031231    2        0.950      0      0.000       0.000     nan         nan
X:50034931    1        1.000      0      0.000       0.000     nan         nan
X:50035804    1        1.000      0      0.000       0.000     nan         nan
X:50045177    1        1.000      0      0.000       0.000     nan         nan
X:50045685    1        1.000      0      0.000       0.000     nan         nan
X:50047090    1        1.000      0      0.000       0.000     nan         nan
X:50047336    1        1.000      0      0.000       0.000     nan         nan
X:50048393    1        1.000      0      0.000       0.000     nan         nan
X:50048674    1        1.000      0      0.000       0.000     nan         nan
X:50049490    1        1.000      0      0.000       0.000     nan         nan
X:50050577    1        1.000      0      0.000       0.000     nan         nan
X:50055780    1        1.000      0      0.000       0.000     nan         nan
X:50056322    1        1.000      0      0.000       0.000     nan         nan
X:50056683    1        0.050      0      0.000       0.000     nan         nan
X:50056683    2        0.950      0      0.000       0.000     nan         nan
X:50056814    1        0.650      2     -0.250       0.188  -0.577    0.563703
X:50056814    2        0.350      3     -0.500       0.250  -1.000    0.317311
X:50057106    1        1.000      0      0.000       0.000     nan         nan
X:50057488    1        1.000      0      0.000       0.000     nan         nan
X:50058276    1        0.650      2     -0.250       0.188  -0.577    0.563703
X:50058276    2        0.350      3     -0.500       0.250  -1.000    0.317311
X:50058476    1        0.600      1     -0.250       0.062  -1.000    0.317311
X:50058476    2        0.400      1      0.000       0.125   0.000    1.000000
X:50059123    1        1.000      0      0.000       0.000     nan         nan
X:50059408    1        0.600      1     -0.250       0.062  -1.000    0.317311
X:50059408    2        0.400      1      0.000       0.125   0.000    1.000000
X:50059839    1        0.650      2     -0.250       0.188  -0.577    0.563703
X:50059839    2        0.350      3     -0.500       0.250  -1.000    0.317311
X:50060124    1        1.000      0      0.000       0.000     nan         nan
X:50060486    1        1.000      0      0.000       0.000     nan         nan
X:50063000    1        0.800      1      0.250       0.062   1.000    0.317311
X:50063000    2        0.200      2      0.250       0.188   0.577    0.563703
X:50063121    1        0.950      1     -0.250       0.062  -1.000    0.317311
X:50063121    2        0.050      1      0.000       0.125   0.000    1.000000
X:50064862    1        1.000      0      0.000       0.000     nan         nan
X:50067205    1        1.000      0      0.000       0.000     nan         nan
X:50067297    1        1.000      0      0.000       0.000     nan         nan
X:50068419    1        1.000      0      0.000       0.000     nan         nan
X:50068499    1        1.000      0      0.000       0.000     nan         nan
X:50069219    1        1.000      0      0.000       0.000     nan         nan
X:50070116    1        0.900      1      0.250       0.062   1.000    0.317311
X:50070116    2        0.100      2      0.250       0.188   0.577    0.563703
X:50070762    1        1.000      0      0.000       0.000     nan         nan
X:50072582    1        1.000      0      0.000       0.000     nan         nan
X:50072940    1        0.450      1      0.000       0.125   0.000    1.000000
X:50072940    2        0.550      1     -0.250       0.062  -1.000    0.317311
X:50073198    1        1.000      0      0.000       0.000     nan         nan
X:50073358    1        1.000      0      0.000       0.000     nan         nan
X:50073885    1        1.000      0      0.000       0.000     nan         nan
X:50073998    1        1.000      0      0.000       0.000     nan         nan
X:50074005    1        1.000      0      0.000       0.000     nan         nan
X:50074051    1        1.000      0      0.000       0.000     nan         nan
X:50075351    1        0.850      1     -0.250       0.062  -1.000    0.317311
X:50075351    2        0.150      2      0.000       0.125   0.000    1.000000
X:50075438    1        1.000      0      0.000       0.000     nan         nan
X:50076209    1        1.000      0      0.000       0.000     nan         nan
X:50077858    1        1.000      0      0.000       0.000     nan         nan
X:50079915    1        1.000      0      0.000       0.000     nan         nan
X:50079965    1        0.800      1      0.250       0.062   1.000    0.317311
X:50079965    2        0.200      2      0.250       0.188   0.577    0.563703
X:50079990    1        1.000      0      0.000       0.000     nan         nan
X:50081865    1        1.000      0      0.000       0.000     nan         nan
X:50081869    1        1.000      0      0.000       0.000     nan         nan
X:50083485    1        1.000      0      0.000       0.000     nan         nan
X:50083552    1        1.000      0      0.000       0.000     nan         nan
X:50083966    1        1.000      0      0.000       0.000     nan         nan
X:50084508    1        1.000      0      0.000       0.000     nan         nan
X:50087277    1        0.050      0      0.000       0.000     nan         nan
X:50087277    2        0.950      0      0.000       0.000     nan         nan
X:50087425    1        1.000      0      0.000       0.000     nan         nan
X:50087718    1        1.000      0      0.000       0.000     nan         nan
X:50087935    1        1.000      0      0.000       0.000     nan         nan
X:50089139    1        1.000      0      0.000       0.000     nan         nan
X:50090147    1        0.950      1      0.250       0.062   1.000    0.317311
X:50090147    2        0.050      1     -0.250       0.062  -1.000    0.317311
X:50090491    1        1.000      0      0.000       0.000     nan         nan
X:50091920    1        0.650      2     -0.250       0.188  -0.577    0.563703
X:50091920    2        0.350      3     -0.500       0.250  -1.000    0.317311
X:50091939    1        0.900      1      0.000       0.125   0.000    1.000000
X:50091939    2        0.100      1     -0.250       0.062  -1.000    0.317311
X:50093517    1        0.750      2     -0.500       0.125  -1.414    0.157299
X:50093517    2        0.250      2      0.250       0.188   0.577    0.563703
X:50097654    1        1.000      0      0.000       0.000     nan         nan
X:50097669    1        1.000      0      0.000       0.000     nan         nan
X:50100302    1        1.000      0      0.000       0.000     nan         nan
X:50102767    1        0.850      1     -0.250       0.062  -1.000    0.317311
X:50102767    2        0.150      2     -0.250       0.188  -0.577    0.563703
X:50105137    1        0.950      0      0.000       0.000     nan         nan
X:50105137    2        0.050      1     -0.250       0.062  -1.000    0.317311
X:50106746    1        0.650      2     -0.250       0.188  -0.577    0.563703
X:50106746    2        0.350      3     -0.500       0.250  -1.000    0.317311
X:50108144    1        1.000      0      0.000       0.000     nan         nan
X:50108204    1        1.000      0      0.000       0.000     nan         nan
X:50108267    1        1.000      0      0.000       0.000     nan         nan
X:50108644    1        1.000      0      0.000       0.000     nan         nan
X:50109100    1        1.000      0      0.000       0.000     nan         nan
X:50109597    1        1.000      0      0.000       0.000     nan         nan
X:50112278    1        1.000      0      0.000       0.000     nan         nan
X:50114241    1        1.000      0      0.000       0.000     nan         nan
X:50115368    1        0.633      1      0.000       0.125   0.000    1.000000
X:50115368    2        0.367      1      0.250       0.062   1.000    0.317311
X:50115970    1        0.633      1      0.000       0.125   0.000    1.000000
X:50115970    2        0.367      1      0.250       0.062   1.000    0.317311
X:50117087    1        0.633      1      0.000       0.125   0.000    1.000000
X:50117087    2        0.367      1      0.250       0.062   1.000    0.317311
X:50117516    1        1.000      0      0.000       0.000     nan         nan
X:50118856    1        0.100      1      0.250       0.062   1.000    0.317311
X:50118856    2        0.900      1     -0.250       0.062  -1.000    0.317311
X:50118868    1        1.000      0      0.000       0.000     nan         nan
X:50118957    1        0.633      1      0.000       0.125   0.000    1.000000
X:50118957    2        0.367      1      0.250       0.062   1.000    0.317311
X:50119085    1        0.633      1      0.000       0.125   0.000    1.000000
X:50119085    2        0.367      1      0.250       0.062   1.000    0.317311
X:50119188    1        1.000      0      0.000       0.000     nan         nan
X:50120032    1        0.633      1      0.000       0.125   0.000    1.000000
X:50120032    2        0.367      1      0.250       0.062   1.000    0.317311
X:50120200    1        0.633      1      0.000       0.125   0.000    1.000000
X:50120200    2        0.367      1      0.250       0.062   1.000    0.317311
X:50120901    1        0.633      1      0.000       0.125   0.000    1.000000
X:50120901    2        0.367      1      0.250       0.062   1.000    0.317311
X:50121849    1        0.633      1      0.000       0.125   0.000    1.000000
X:50121849    2        0.367      1      0.250       0.062   1.000    0.317311
X:50121962    1        1.000      0      0.000       0.000     nan         nan
X:50122509    1        0.633      1      0.000       0.125   0.000    1.000000
X:50122509    2        0.367      1      0.250       0.062   1.000    0.317311
X:50122932    1        0.633      1      0.000       0.125   0.000    1.000000
X:50122932    2        0.367      1      0.250       0.062   1.000    0.317311
X:50125841    1        1.000      0      0.000       0.000     nan         nan
X:50125910    1        0.950      0      0.000       0.000     nan         nan
X:50125910    2        0.050      1     -0.500       0.125  -1.414    0.157299
X:50126571    1        0.633      1      0.000       0.125   0.000    1.000000
X:50126571    2        0.367      1      0.250       0.062   1.000    0.317311
X:50127963    1        0.633      1      0.000       0.125   0.000    1.000000
X:50127963    2        0.367      1      0.250       0.062   1.000    0.317311
X:50128523    1        1.000      0      0.000       0.000     nan         nan
X:50129369    1        0.633      1      0.000       0.125   0.000    1.000000
X:50129369    2        0.367      1      0.250       0.062   1.000    0.317311
X:50129955    1        0.633      1      0.000       0.125   0.000    1.000000
X:50129955    2        0.367      1      0.250       0.062   1.000    0.317311
X:50130229    1        0.633      1      0.000       0.125   0.000    1.000000
X:50130229    2        0.367      1      0.250       0.062   1.000    0.317311
X:50130233    1        0.633      1      0.000       0.125   0.000    1.000000
X:50130233    2        0.367      1      0.250       0.062   1.000    0.317311
X:50130544    1        0.633      1      0.000       0.125   0.000    1.000000
X:50130544    2        0.367      1      0.250       0.062   1.000    0.317311

>> model r
current genetic model is recessive
>> fbat
trait affection; offset 0.000; model recessive; test bi-allelic; minsize 0; min_freq 0.000; p 1.000; maxcmh 1000

Marker        Allele   afreq   fam#     S-E(S)      Var(S)       Z           P
------------------------------------------------------------------------------
1:57952       1        1.000      0      0.000       0.000     nan         nan
1:69511       1        1.000      0      0.000       0.000     nan         nan
1:564710      1        1.000      0      0.000       0.000     nan         nan
1:564934      1        1.000      0      0.000       0.000     nan         nan
1:569983      1        0.962      1      0.000       0.125   0.000    1.000000
1:569983      2        0.038      0      0.000       0.000     nan         nan
1:705882      1        1.000      0      0.000       0.000     nan         nan
1:713092      1        1.000      0      0.000       0.000     nan         nan
1:713977      1        1.000      0      0.000       0.000     nan         nan
1:714019      1        0.857      1      0.250       0.062   1.000    0.317311
1:714019      2        0.143      0      0.000       0.000     nan         nan
1:714596      1        0.950      1      0.250       0.062   1.000    0.317311
1:714596      2        0.050      0      0.000       0.000     nan         nan
1:715265      1        0.900      2      0.250       0.188   0.577    0.563703
1:715265      2        0.100      0      0.000       0.000     nan         nan
1:722980      1        1.000      0      0.000       0.000     nan         nan
1:729632      1        0.808      2      0.250       0.188   0.577    0.563703
1:729632      2        0.192      0      0.000       0.000     nan         nan
1:740416      1        1.000      0      0.000       0.000     nan         nan
1:743356      1        1.000      0      0.000       0.000     nan         nan
1:752307      1        0.808      2      0.250       0.188   0.577    0.563703
1:752307      2        0.192      0      0.000       0.000     nan         nan
1:752478      1        0.808      4      0.500       0.344   0.853    0.393769
1:752478      2        0.192      1      0.000       0.094   0.000    1.000000
1:752593      1        0.864      2      0.250       0.188   0.577    0.563703
1:752593      2        0.136      0      0.000       0.000     nan         nan
1:752721      1        0.615      3     -0.250       0.281  -0.471    0.637352
1:752721      2        0.385      2      0.250       0.156   0.632    0.527089
1:752796      1        0.864      3      0.500       0.250   1.000    0.317311
1:752796      2        0.136      0      0.000       0.000     nan         nan
1:754105      1        0.875      1      0.250       0.062   1.000    0.317311
1:754105      2        0.125      0      0.000       0.000     nan         nan
1:754503      1        0.636      2     -0.250       0.188  -0.577    0.563703
1:754503      2        0.364      1      0.250       0.062   1.000    0.317311
1:754671      1        0.824      3      0.375       0.234   0.775    0.438578
1:754671      2        0.176      1      0.125       0.047   0.577    0.563703
1:754861      1        0.893      1      0.000       0.125   0.000    1.000000
1:754861      2        0.107      0      0.000       0.000     nan         nan
1:755274      1        1.000      0      0.000       0.000     nan         nan
1:756781      1        1.000      0      0.000       0.000     nan         nan
1:756912      1        0.923      2      0.500       0.250   1.000    0.317311
1:756912      2        0.077      0      0.000       0.000     nan         nan
1:757103      1        1.000      0      0.000       0.000     nan         nan
1:757120      1        1.000      0      0.000       0.000     nan         nan
1:757691      1        1.000      0      0.000       0.000     nan         nan
1:759036      1        0.857      1      0.000       0.094   0.000    1.000000
1:759036      2        0.143      1      0.000       0.094   0.000    1.000000
1:759177      1        0.964      0      0.000       0.000     nan         nan
1:759177      2        0.036      0      0.000       0.000     nan         nan
1:760422      1        1.000      0      0.000       0.000     nan         nan
1:761606      1        0.893      1      0.000       0.125   0.000    1.000000
1:761606      2        0.107      0      0.000       0.000     nan         nan
1:761610      1        0.867      2      0.250       0.188   0.577    0.563703
1:761610      2        0.133      0      0.000       0.000     nan         nan
1:762856      1        1.000      0      0.000       0.000     nan         nan
1:765028      1        1.000      0      0.000       0.000     nan         nan
1:767096      1        1.000      0      0.000       0.000     nan         nan
1:767780      1        1.000      0      0.000       0.000     nan         nan
1:768448      1        0.808      4      1.000       0.375   1.633    0.102470
1:768448      2        0.192      0      0.000       0.000     nan         nan
1:768819      1        0.962      1      0.250       0.062   1.000    0.317311
1:768819      2        0.038      0      0.000       0.000     nan         nan
1:769223      1        0.676      3     -0.750       0.312  -1.342    0.179712
1:769223      2        0.324      1      0.250       0.062   1.000    0.317311
1:770735      1        1.000      0      0.000       0.000     nan         nan
1:772028      1        1.000      0      0.000       0.000     nan         nan
1:773106      1        1.000      0      0.000       0.000     nan         nan
1:774014      1        1.000      0      0.000       0.000     nan         nan
1:774018      1        1.000      0      0.000       0.000     nan         nan
1:774022      1        1.000      0      0.000       0.000     nan         nan
1:776546      1        0.846      3     -0.250       0.312  -0.447    0.654721
1:776546      2        0.154      0      0.000       0.000     nan         nan
1:779310      1        1.000      0      0.000       0.000     nan         nan
1:779322      1        0.654      3     -0.750       0.312  -1.342    0.179712
1:779322      2        0.346      1      0.250       0.062   1.000    0.317311
1:780027      1        1.000      0      0.000       0.000     nan         nan
1:780229      1        1.000      0      0.000       0.000     nan         nan
1:780785      1        0.654      3     -0.250       0.188  -0.577    0.563703
1:780785      2        0.346      1      0.250       0.062   1.000    0.317311
1:781057      1        1.000      0      0.000       0.000     nan         nan
1:782470      1        1.000      0      0.000       0.000     nan         nan
1:782528      1        1.000      0      0.000       0.000     nan         nan
1:782677      1        1.000      0      0.000       0.000     nan         nan
1:782981      1        0.654      3     -0.750       0.312  -1.342    0.179712
1:782981      2        0.346      1      0.250       0.062   1.000    0.317311
1:783071      1        1.000      0      0.000       0.000     nan         nan
1:783304      1        1.000      0      0.000       0.000     nan         nan
1:785050      1        0.578      2     -0.750       0.188  -1.732    0.083265
1:785050      2        0.422      1      0.250       0.062   1.000    0.317311
1:785989      1        0.654      3     -1.000       0.250  -2.000    0.045500
1:785989      2        0.346      1      0.250       0.062   1.000    0.317311
1:787844      1        0.654      3     -1.000       0.250  -2.000    0.045500
1:787844      2        0.346      1      0.250       0.062   1.000    0.317311
1:790465      1        0.692      4     -0.500       0.375  -0.816    0.414216
1:790465      2        0.308      1      0.250       0.062   1.000    0.317311
1:790698      1        1.000      0      0.000       0.000     nan         nan
1:791315      1        1.000      0      0.000       0.000     nan         nan
1:791328      1        1.000      0      0.000       0.000     nan         nan
1:792480      1        1.000      0      0.000       0.000     nan         nan
1:795222      1        0.906      3      0.500       0.250   1.000    0.317311
1:795222      2        0.094      0      0.000       0.000     nan         nan
1:795414      1        1.000      0      0.000       0.000     nan         nan
1:796100      1        0.889      4      0.250       0.312   0.447    0.654721
1:796100      2        0.111      0      0.000       0.000     nan         nan
1:797281      1        0.912      3      0.000       0.250   0.000    1.000000
1:797281      2        0.088      0      0.000       0.000     nan         nan
1:797440      1        0.750      3     -0.500       0.250  -1.000    0.317311
1:797440      2        0.250      0      0.000       0.000     nan         nan
1:798400      1        0.577      2      0.125       0.172   0.302    0.763025
1:798400      2        0.423      2      0.375       0.109   1.134    0.256839
1:798430      1        1.000      0      0.000       0.000     nan         nan
1:800007      1        1.000      0      0.000       0.000     nan         nan
1:801661      1        0.967      1      0.000       0.125   0.000    1.000000
1:801661      2        0.033      0      0.000       0.000     nan         nan
1:801680      1        0.967      1      0.000       0.125   0.000    1.000000
1:801680      2        0.033      0      0.000       0.000     nan         nan
1:801858      1        0.846      4      0.500       0.375   0.816    0.414216
1:801858      2        0.154      0      0.000       0.000     nan         nan
1:804073      1        0.963      1      0.250       0.062   1.000    0.317311
1:804073      2        0.037      0      0.000       0.000     nan         nan
1:804759      1        0.731      1     -0.500       0.125  -1.414    0.157299
1:804759      2        0.269      1      0.250       0.062   1.000    0.317311
1:808631      1        0.500      2      0.250       0.156   0.632    0.527089
1:808631      2        0.500      2      0.250       0.156   0.632    0.527089
1:809876      1        0.769      5      0.750       0.406   1.177    0.239317
1:809876      2        0.231      1      0.000       0.094   0.000    1.000000
1:810286      1        0.731      3     -0.500       0.250  -1.000    0.317311
1:810286      2        0.269      1      0.250       0.062   1.000    0.317311
1:810780      1        0.731      3     -0.500       0.250  -1.000    0.317311
1:810780      2        0.269      1      0.250       0.062   1.000    0.317311
1:833223      1        0.192      1     -0.125       0.047  -0.577    0.563703
1:833223      2        0.808      4     -0.125       0.297  -0.229    0.818546
1:833641      1        0.192      1     -0.125       0.047  -0.577    0.563703
1:833641      2        0.808      4     -0.125       0.297  -0.229    0.818546
1:833824      1        0.192      1     -0.125       0.047  -0.577    0.563703
1:833824      2        0.808      4     -0.125       0.297  -0.229    0.818546
1:833927      1        0.192      1     -0.125       0.047  -0.577    0.563703
1:833927      2        0.808      4     -0.125       0.297  -0.229    0.818546
1:834056      1        1.000      0      0.000       0.000     nan         nan
1:834198      1        0.192      1     -0.125       0.047  -0.577    0.563703
1:834198      2        0.808      4     -0.125       0.297  -0.229    0.818546
1:834263      1        1.000      0      0.000       0.000     nan         nan
1:834574      1        0.833      0      0.000       0.000     nan         nan
1:834574      2        0.167      0      0.000       0.000     nan         nan
1:834637      1        1.000      0      0.000       0.000     nan         nan
1:834753      1        0.962      1      0.250       0.062   1.000    0.317311
1:834753      2        0.038      0      0.000       0.000     nan         nan
1:834928      1        0.192      1     -0.125       0.047  -0.577    0.563703
1:834928      2        0.808      4     -0.125       0.297  -0.229    0.818546
1:834956      1        1.000      0      0.000       0.000     nan         nan
1:834999      1        0.192      1     -0.125       0.047  -0.577    0.563703
1:834999      2        0.808      4     -0.125       0.297  -0.229    0.818546
1:835092      1        0.867      1     -0.250       0.062  -1.000    0.317311
1:835092      2        0.133      0      0.000       0.000     nan         nan
1:835242      1        1.000      0      0.000       0.000     nan         nan
1:835499      1        0.231      2      0.000       0.094   0.000    1.000000
1:835499      2        0.769      4     -0.250       0.281  -0.471    0.637352
1:836529      1        0.192      1     -0.125       0.047  -0.577    0.563703
1:836529      2        0.808      4     -0.125       0.297  -0.229    0.818546
1:836684      1        1.000      0      0.000       0.000     nan         nan
1:836896      1        0.385      2      0.000       0.094   0.000    1.000000
1:836896      2        0.615      5      0.250       0.406   0.392    0.694887
1:836924      1        0.192      1     -0.125       0.047  -0.577    0.563703
1:836924      2        0.808      4     -0.125       0.297  -0.229    0.818546
1:837192      1        0.808      4      0.250       0.312   0.447    0.654721
1:837192      2        0.192      0      0.000       0.000     nan         nan
1:837214      1        0.962      1      0.000       0.125   0.000    1.000000
1:837214      2        0.038      0      0.000       0.000     nan         nan
X:50025363    1        0.950      1      0.250       0.062   1.000    0.317311
X:50025363    2        0.050      0      0.000       0.000     nan         nan
X:50026294    1        1.000      0      0.000       0.000     nan         nan
X:50029593    1        1.000      0      0.000       0.000     nan         nan
X:50031231    1        0.050      0      0.000       0.000     nan         nan
X:50031231    2        0.950      0      0.000       0.000     nan         nan
X:50034931    1        1.000      0      0.000       0.000     nan         nan
X:50035804    1        1.000      0      0.000       0.000     nan         nan
X:50045177    1        1.000      0      0.000       0.000     nan         nan
X:50045685    1        1.000      0      0.000       0.000     nan         nan
X:50047090    1        1.000      0      0.000       0.000     nan         nan
X:50047336    1        1.000      0      0.000       0.000     nan         nan
X:50048393    1        1.000      0      0.000       0.000     nan         nan
X:50048674    1        1.000      0      0.000       0.000     nan         nan
X:50049490    1        1.000      0      0.000       0.000     nan         nan
X:50050577    1        1.000      0      0.000       0.000     nan         nan
X:50055780    1        1.000      0      0.000       0.000     nan         nan
X:50056322    1        1.000      0      0.000       0.000     nan         nan
X:50056683    1        0.050      0      0.000       0.000     nan         nan
X:50056683    2        0.950      0      0.000       0.000     nan         nan
X:50056814    1        0.650      3      0.500       0.250   1.000    0.317311
X:50056814    2        0.350      2      0.250       0.188   0.577    0.563703
X:50057106    1        1.000      0      0.000       0.000     nan         nan
X:50057488    1        1.000      0      0.000       0.000     nan         nan
X:50058276    1        0.650      3      0.500       0.250   1.000    0.317311
X:50058276    2        0.350      2      0.250       0.188   0.577    0.563703
X:50058476    1        0.600      1      0.000       0.125   0.000    1.000000
X:50058476    2        0.400      1      0.250       0.062   1.000    0.317311
X:50059123    1        1.000      0      0.000       0.000     nan         nan
X:50059408    1        0.600      1      0.000       0.125   0.000    1.000000
X:50059408    2        0.400      1      0.250       0.062   1.000    0.317311
X:50059839    1        0.650      3      0.500       0.250   1.000    0.317311
X:50059839    2        0.350      2      0.250       0.188   0.577    0.563703
X:50060124    1        1.000      0      0.000       0.000     nan         nan
X:50060486    1        1.000      0      0.000       0.000     nan         nan
X:50063000    1        0.800      2     -0.250       0.188  -0.577    0.563703
X:50063000    2        0.200      1     -0.250       0.062  -1.000    0.317311
X:50063121    1        0.950      1      0.000       0.125   0.000    1.000000
X:50063121    2        0.050      1      0.250       0.062   1.000    0.317311
X:50064862    1        1.000      0      0.000       0.000     nan         nan
X:50067205    1        1.000      0      0.000       0.000     nan         nan
X:50067297    1        1.000      0      0.000       0.000     nan         nan
X:50068419    1        1.000      0      0.000       0.000     nan         nan
X:50068499    1        1.000      0      0.000       0.000     nan         nan
X:50069219    1        1.000      0      0.000       0.000     nan         nan
X:50070116    1        0.900      2     -0.250       0.188  -0.577    0.563703
X:50070116    2        0.100      1     -0.250       0.062  -1.000    0.317311
X:50070762    1        1.000      0      0.000       0.000     nan         nan
X:50072582    1        1.000      0      0.000       0.000     nan         nan
X:50072940    1        0.450      1      0.250       0.062   1.000    0.317311
X:50072940    2        0.550      1      0.000       0.125   0.000    1.000000
X:50073198    1        1.000      0      0.000       0.000     nan         nan
X:50073358    1        1.000      0      0.000       0.000     nan         nan
X:50073885    1        1.000      0      0.000       0.000     nan         nan
X:50073998    1        1.000      0      0.000       0.000     nan         nan
X:50074005    1        1.000      0      0.000       0.000     nan         nan
X:50074051    1        1.000      0      0.000       0.000     nan         nan
X:50075351    1        0.850      2      0.000       0.125   0.000    1.000000
X:50075351    2        0.150      1      0.250       0.062   1.000    0.317311
X:50075438    1        1.000      0      0.000       0.000     nan         nan
X:50076209    1        1.000      0      0.000       0.000     nan         nan
X:50077858    1        1.000      0      0.000       0.000     nan         nan
X:50079915    1        1.000      0      0.000       0.000     nan         nan
X:50079965    1        0.800      2     -0.250       0.188  -0.577    0.563703
X:50079965    2        0.200      1     -0.250       0.062  -1.000    0.317311
X:50079990    1        1.000      0      0.000       0.000     nan         nan
X:50081865    1        1.000      0      0.000       0.000     nan         nan
X:50081869    1        1.000      0      0.000       0.000     nan         nan
X:50083485    1        1.000      0      0.000       0.000     nan         nan
X:50083552    1        1.000      0      0.000       0.000     nan         nan
X:50083966    1        1.000      0      0.000       0.000     nan         nan
X:50084508    1        1.000      0      0.000       0.000     nan         nan
X:50087277    1        0.050      0      0.000       0.000     nan         nan
X:50087277    2        0.950      0      0.000       0.000     nan         nan
X:50087425    1        1.000      0      0.000       0.000     nan         nan
X:50087718    1        1.000      0      0.000       0.000     nan         nan
X:50087935    1        1.000      0      0.000       0.000     nan         nan
X:50089139    1        1.000      0      0.000       0.000     nan         nan
X:50090147    1        0.950      1      0.250       0.062   1.000    0.317311
X:50090147    2        0.050      1     -0.250       0.062  -1.000    0.317311
X:50090491    1        1.000      0      0.000       0.000     nan         nan
X:50091920    1        0.650      3      0.500       0.250   1.000    0.317311
X:50091920    2        0.350      2      0.250       0.188   0.577    0.563703
X:50091939    1        0.900      1      0.250       0.062   1.000    0.317311
X:50091939    2        0.100      1      0.000       0.125   0.000    1.000000
X:50093517    1        0.750      2     -0.250       0.188  -0.577    0.563703
X:50093517    2        0.250      2      0.500       0.125   1.414    0.157299
X:50097654    1        1.000      0      0.000       0.000     nan         nan
X:50097669    1        1.000      0      0.000       0.000     nan         nan
X:50100302    1        1.000      0      0.000       0.000     nan         nan
X:50102767    1        0.850      2      0.250       0.188   0.577    0.563703
X:50102767    2        0.150      1      0.250       0.062   1.000    0.317311
X:50105137    1        0.950      1      0.250       0.062   1.000    0.317311
X:50105137    2        0.050      0      0.000       0.000     nan         nan
X:50106746    1        0.650      3      0.500       0.250   1.000    0.317311
X:50106746    2        0.350      2      0.250       0.188   0.577    0.563703
X:50108144    1        1.000      0      0.000       0.000     nan         nan
X:50108204    1        1.000      0      0.000       0.000     nan         nan
X:50108267    1        1.000      0      0.000       0.000     nan         nan
X:50108644    1        1.000      0      0.000       0.000     nan         nan
X:50109100    1        1.000      0      0.000       0.000     nan         nan
X:50109597    1        1.000      0      0.000       0.000     nan         nan
X:50112278    1        1.000      0      0.000       0.000     nan         nan
X:50114241    1        1.000      0      0.000       0.000     nan         nan
X:50115368    1        0.633      1     -0.250       0.062  -1.000    0.317311
X:50115368    2        0.367      1      0.000       0.125   0.000    1.000000
X:50115970    1        0.633      1     -0.250       0.062  -1.000    0.317311
X:50115970    2        0.367      1      0.000       0.125   0.000    1.000000
X:50117087    1        0.633      1     -0.250       0.062  -1.000    0.317311
X:50117087    2        0.367      1      0.000       0.125   0.000    1.000000
X:50117516    1        1.000      0      0.000       0.000     nan         nan
X:50118856    1        0.100      1      0.250       0.062   1.000    0.317311
X:50118856    2        0.900      1     -0.250       0.062  -1.000    0.317311
X:50118868    1        1.000      0      0.000       0.000     nan         nan
X:50118957    1        0.633      1     -0.250       0.062  -1.000    0.317311
X:50118957    2        0.367      1      0.000       0.125   0.000    1.000000
X:50119085    1        0.633      1     -0.250       0.062  -1.000    0.317311
X:50119085    2        0.367      1      0.000       0.125   0.000    1.000000
X:50119188    1        1.000      0      0.000       0.000     nan         nan
X:50120032    1        0.633      1     -0.250       0.062  -1.000    0.317311
X:50120032    2        0.367      1      0.000       0.125   0.000    1.000000
X:50120200    1        0.633      1     -0.250       0.062  -1.000    0.317311
X:50120200    2        0.367      1      0.000       0.125   0.000    1.000000
X:50120901    1        0.633      1     -0.250       0.062  -1.000    0.317311
X:50120901    2        0.367      1      0.000       0.125   0.000    1.000000
X:50121849    1        0.633      1     -0.250       0.062  -1.000    0.317311
X:50121849    2        0.367      1      0.000       0.125   0.000    1.000000
X:50121962    1        1.000      0      0.000       0.000     nan         nan
X:50122509    1        0.633      1     -0.250       0.062  -1.000    0.317311
X:50122509    2        0.367      1      0.000       0.125   0.000    1.000000
X:50122932    1        0.633      1     -0.250       0.062  -1.000    0.317311
X:50122932    2        0.367      1      0.000       0.125   0.000    1.000000
X:50125841    1        1.000      0      0.000       0.000     nan         nan
X:50125910    1        0.950      1      0.500       0.125   1.414    0.157299
X:50125910    2        0.050      0      0.000       0.000     nan         nan
X:50126571    1        0.633      1     -0.250       0.062  -1.000    0.317311
X:50126571    2        0.367      1      0.000       0.125   0.000    1.000000
X:50127963    1        0.633      1     -0.250       0.062  -1.000    0.317311
X:50127963    2        0.367      1      0.000       0.125   0.000    1.000000
X:50128523    1        1.000      0      0.000       0.000     nan         nan
X:50129369    1        0.633      1     -0.250       0.062  -1.000    0.317311
X:50129369    2        0.367      1      0.000       0.125   0.000    1.000000
X:50129955    1        0.633      1     -0.250       0.062  -1.000    0.317311
X:50129955    2        0.367      1      0.000       0.125   0.000    1.000000
X:50130229    1        0.633      1     -0.250       0.062  -1.000    0.317311
X:50130229    2        0.367      1      0.000       0.125   0.000    1.000000
X:50130233    1        0.633      1     -0.250       0.062  -1.000    0.317311
X:50130233    2        0.367      1      0.000       0.125   0.000    1.000000
X:50130544    1        0.633      1     -0.250       0.062  -1.000    0.317311
X:50130544    2        0.367      1      0.000       0.125   0.000    1.000000

>> q()
command unknown
>> quit()
command unknown
>> quit


                GOOD BYE......



